REPOSITORY                TAG         IMAGE ID       CREATED         SIZE
sedovsg/ubuntu-tmp-file   latest      2f877e4f8879   2 minutes ago   63.2MB
ubuntu                    18.04       dcf4d4bef137   3 days ago      63.2MB
app/test-app              latest      afe038ee4622   2 months ago    532MB
php                       8.1.0-fpm   ce4c0139f920   2 months ago    468MB
composer                  latest      1979234c187c   2 months ago    190MB
postgres                  14-alpine   2302d5724f71   2 months ago    209MB
nginx                     alpine      b46db85084b8   2 months ago    23.2MB
hello-world               latest      feb5d9fea6a5   4 months ago    13.3kB

# Образ
-----------------------------
[
    {
        "Id": "sha256:2f877e4f88795054a53c9927e188272153833378ebfeb14ebadbb65d8bc2d816",
        "RepoTags": [
            "sedovsg/ubuntu-tmp-file:latest"
        ],
        "RepoDigests": [],
        "Parent": "sha256:dcf4d4bef137f695d11ed187ba6a135362dca3de36955c4da0905d596ce521bc",
        "Comment": "",
        "Created": "2022-02-05T11:27:37.766260139Z",
        "Container": "e65747accb6db4452156a2de98be1bff72f1208c901a6b2c69ba3ec766b510f8",
        "ContainerConfig": {
            "Hostname": "e65747accb6d",
            "Domainname": "",
            "User": "",
            "AttachStdin": true,
            "AttachStdout": true,
            "AttachStderr": true,
            "Tty": true,
            "OpenStdin": true,
            "StdinOnce": true,
            "Env": [
                "PATH=/usr/local/sbin:/usr/local/bin:/usr/sbin:/usr/bin:/sbin:/bin"
            ],
            "Cmd": [
                "/bin/bash"
            ],
            "Image": "ubuntu:18.04",
            "Volumes": null,
            "WorkingDir": "",
            "Entrypoint": null,
            "OnBuild": null,
            "Labels": {}
        },
        "DockerVersion": "20.10.12",
        "Author": "",
        "Config": {
            "Hostname": "e65747accb6d",
            "Domainname": "",
            "User": "",
            "AttachStdin": true,
            "AttachStdout": true,
            "AttachStderr": true,
            "Tty": true,
            "OpenStdin": true,
            "StdinOnce": true,
            "Env": [
                "PATH=/usr/local/sbin:/usr/local/bin:/usr/sbin:/usr/bin:/sbin:/bin"
            ],
            "Cmd": [
                "/bin/bash"
            ],
            "Image": "ubuntu:18.04",
            "Volumes": null,
            "WorkingDir": "",
            "Entrypoint": null,
            "OnBuild": null,
            "Labels": {}
        },
        "Architecture": "amd64",
        "Os": "linux",
        "Size": 63150152,
        "VirtualSize": 63150152,
        "GraphDriver": {
            "Data": null,
            "Name": "btrfs"
        },
        "RootFS": {
            "Type": "layers",
            "Layers": [
                "sha256:1dc52a6b4de8561423dd3ec5a1f7f77f5309fd8cb340f80b8bc3d87fa112003e",
                "sha256:2f6614bc250efec02c3ebb413a56e398a469d19969e026e0ab42f470528a9584"
            ]
        },
        "Metadata": {
            "LastTagTime": "2022-02-05T16:27:38.026120242+05:00"
        }
    }
]

# Контейнер
--------------------------------
[
    {
        "Id": "e65747accb6db4452156a2de98be1bff72f1208c901a6b2c69ba3ec766b510f8",
        "Created": "2022-02-05T11:16:28.914425437Z",
        "Path": "/bin/bash",
        "Args": [],
        "State": {
            "Status": "running",
            "Running": true,
            "Paused": false,
            "Restarting": false,
            "OOMKilled": false,
            "Dead": false,
            "Pid": 15808,
            "ExitCode": 0,
            "Error": "",
            "StartedAt": "2022-02-05T11:21:07.702599545Z",
            "FinishedAt": "2022-02-05T11:20:45.652314033Z"
        },
        "Image": "sha256:dcf4d4bef137f695d11ed187ba6a135362dca3de36955c4da0905d596ce521bc",
        "ResolvConfPath": "/var/lib/docker/containers/e65747accb6db4452156a2de98be1bff72f1208c901a6b2c69ba3ec766b510f8/resolv.conf",
        "HostnamePath": "/var/lib/docker/containers/e65747accb6db4452156a2de98be1bff72f1208c901a6b2c69ba3ec766b510f8/hostname",
        "HostsPath": "/var/lib/docker/containers/e65747accb6db4452156a2de98be1bff72f1208c901a6b2c69ba3ec766b510f8/hosts",
        "LogPath": "/var/lib/docker/containers/e65747accb6db4452156a2de98be1bff72f1208c901a6b2c69ba3ec766b510f8/e65747accb6db4452156a2de98be1bff72f1208c901a6b2c69ba3ec766b510f8-json.log",
        "Name": "/compassionate_varahamihira",
        "RestartCount": 0,
        "Driver": "btrfs",
        "Platform": "linux",
        "MountLabel": "",
        "ProcessLabel": "",
        "AppArmorProfile": "docker-default",
        "ExecIDs": null,
        "HostConfig": {
            "Binds": null,
            "ContainerIDFile": "",
            "LogConfig": {
                "Type": "json-file",
                "Config": {}
            },
            "NetworkMode": "default",
            "PortBindings": {},
            "RestartPolicy": {
                "Name": "no",
                "MaximumRetryCount": 0
            },
            "AutoRemove": false,
            "VolumeDriver": "",
            "VolumesFrom": null,
            "CapAdd": null,
            "CapDrop": null,
            "CgroupnsMode": "private",
            "Dns": [],
            "DnsOptions": [],
            "DnsSearch": [],
            "ExtraHosts": null,
            "GroupAdd": null,
            "IpcMode": "private",
            "Cgroup": "",
            "Links": null,
            "OomScoreAdj": 0,
            "PidMode": "",
            "Privileged": false,
            "PublishAllPorts": false,
            "ReadonlyRootfs": false,
            "SecurityOpt": null,
            "UTSMode": "",
            "UsernsMode": "",
            "ShmSize": 67108864,
            "Runtime": "runc",
            "ConsoleSize": [
                0,
                0
            ],
            "Isolation": "",
            "CpuShares": 0,
            "Memory": 0,
            "NanoCpus": 0,
            "CgroupParent": "",
            "BlkioWeight": 0,
            "BlkioWeightDevice": [],
            "BlkioDeviceReadBps": null,
            "BlkioDeviceWriteBps": null,
            "BlkioDeviceReadIOps": null,
            "BlkioDeviceWriteIOps": null,
            "CpuPeriod": 0,
            "CpuQuota": 0,
            "CpuRealtimePeriod": 0,
            "CpuRealtimeRuntime": 0,
            "CpusetCpus": "",
            "CpusetMems": "",
            "Devices": [],
            "DeviceCgroupRules": null,
            "DeviceRequests": null,
            "KernelMemory": 0,
            "KernelMemoryTCP": 0,
            "MemoryReservation": 0,
            "MemorySwap": 0,
            "MemorySwappiness": null,
            "OomKillDisable": null,
            "PidsLimit": null,
            "Ulimits": null,
            "CpuCount": 0,
            "CpuPercent": 0,
            "IOMaximumIOps": 0,
            "IOMaximumBandwidth": 0,
            "MaskedPaths": [
                "/proc/asound",
                "/proc/acpi",
                "/proc/kcore",
                "/proc/keys",
                "/proc/latency_stats",
                "/proc/timer_list",
                "/proc/timer_stats",
                "/proc/sched_debug",
                "/proc/scsi",
                "/sys/firmware"
            ],
            "ReadonlyPaths": [
                "/proc/bus",
                "/proc/fs",
                "/proc/irq",
                "/proc/sys",
                "/proc/sysrq-trigger"
            ]
        },
        "GraphDriver": {
            "Data": null,
            "Name": "btrfs"
        },
        "Mounts": [],
        "Config": {
            "Hostname": "e65747accb6d",
            "Domainname": "",
            "User": "",
            "AttachStdin": true,
            "AttachStdout": true,
            "AttachStderr": true,
            "Tty": true,
            "OpenStdin": true,
            "StdinOnce": true,
            "Env": [
                "PATH=/usr/local/sbin:/usr/local/bin:/usr/sbin:/usr/bin:/sbin:/bin"
            ],
            "Cmd": [
                "/bin/bash"
            ],
            "Image": "ubuntu:18.04",
            "Volumes": null,
            "WorkingDir": "",
            "Entrypoint": null,
            "OnBuild": null,
            "Labels": {}
        },
        "NetworkSettings": {
            "Bridge": "",
            "SandboxID": "b48d5fa8beaccb30c1d444f17539dd205abd0f009a7731ab7188e3a0954bfdf1",
            "HairpinMode": false,
            "LinkLocalIPv6Address": "",
            "LinkLocalIPv6PrefixLen": 0,
            "Ports": {},
            "SandboxKey": "/var/run/docker/netns/b48d5fa8beac",
            "SecondaryIPAddresses": null,
            "SecondaryIPv6Addresses": null,
            "EndpointID": "38affa412b834b058a709c042fefcef9184e43c525da9f536c75c0261bf65784",
            "Gateway": "172.17.0.1",
            "GlobalIPv6Address": "",
            "GlobalIPv6PrefixLen": 0,
            "IPAddress": "172.17.0.2",
            "IPPrefixLen": 16,
            "IPv6Gateway": "",
            "MacAddress": "02:42:ac:11:00:02",
            "Networks": {
                "bridge": {
                    "IPAMConfig": null,
                    "Links": null,
                    "Aliases": null,
                    "NetworkID": "38bbeaafb86c1547e13dc9747c9ef6ec0b3eae08af12ffdd706aa2bd2c1c2960",
                    "EndpointID": "38affa412b834b058a709c042fefcef9184e43c525da9f536c75c0261bf65784",
                    "Gateway": "172.17.0.1",
                    "IPAddress": "172.17.0.2",
                    "IPPrefixLen": 16,
                    "IPv6Gateway": "",
                    "GlobalIPv6Address": "",
                    "GlobalIPv6PrefixLen": 0,
                    "MacAddress": "02:42:ac:11:00:02",
                    "DriverOpts": null
                }
            }
        }
    }
]

Структура образа в основном содержит метаданные: {Id}, {RepoTags[]}, {Comment}, {Created}, {Author}  и ссылки на родительский образ, на основе которого был создан: {Parent}

Контейнер отличается от образа тем, что имеет состояние статуса: {State.Status}, {State.Pid}. Кроме того контейнер явно содержит в структуре ссылку на образ, с которого он был развёрнут: {Image}. Также структура контейнера имеет настройки сети: {NetworkSettings}
